SF:lib/domain/auth/value_objects.dart
DA:11,0
DA:12,0
DA:15,0
DA:22,0
DA:23,0
DA:24,0
DA:28,0
DA:35,0
DA:36,0
DA:37,0
DA:41,0
DA:48,3
DA:49,3
DA:50,3
DA:51,3
DA:56,0
DA:57,0
DA:58,0
DA:62,3
LF:19
LH:5
end_of_record
SF:lib/domain/checklists/checklist.dart
DA:13,3
DA:22,0
DA:23,0
DA:24,0
DA:26,0
DA:29,0
DA:30,0
DA:31,0
DA:33,0
DA:34,0
DA:37,0
DA:38,0
DA:39,0
DA:40,0
DA:43,0
DA:46,2
DA:47,10
DA:50,0
DA:51,0
LF:19
LH:3
end_of_record
SF:lib/domain/checklists/item.dart
DA:11,2
DA:20,0
DA:21,0
DA:22,0
DA:27,0
DA:28,0
LF:6
LH:1
end_of_record
SF:lib/domain/checklists/value_objects.dart
DA:12,3
DA:13,3
DA:14,6
DA:18,3
DA:27,2
DA:28,2
DA:29,4
DA:33,2
DA:35,0
DA:36,0
DA:37,0
DA:38,0
DA:39,0
DA:41,0
LF:14
LH:8
end_of_record
SF:lib/infrastructure/checklists/sqlite/sqlite_checklist_repository.dart
DA:17,1
DA:19,0
DA:21,0
DA:25,0
DA:26,0
DA:27,0
DA:28,0
DA:31,0
DA:34,0
DA:35,0
DA:36,0
DA:37,0
DA:38,0
DA:39,0
DA:43,1
DA:46,3
DA:47,1
DA:48,1
DA:49,1
DA:53,0
DA:56,0
DA:57,0
DA:58,0
DA:59,0
DA:63,0
DA:66,0
DA:67,0
DA:68,0
DA:69,0
DA:73,0
DA:76,0
DA:77,0
DA:78,0
DA:79,0
LF:34
LH:6
end_of_record
SF:lib/infrastructure/checklists/sqlite/sqlite_database.g.dart
DA:11,0
DA:39,0
DA:40,0
DA:41,0
DA:42,0
DA:43,0
DA:46,0
DA:49,0
DA:50,0
DA:51,0
DA:52,0
DA:54,0
DA:56,0
DA:57,0
DA:58,0
DA:60,0
DA:62,0
DA:63,0
DA:64,0
DA:65,0
DA:67,0
DA:69,0
DA:70,0
DA:71,0
DA:73,0
DA:78,0
DA:80,0
DA:82,0
DA:83,0
DA:84,0
DA:85,0
DA:86,0
DA:87,0
DA:88,0
DA:89,0
DA:90,0
DA:91,0
DA:92,0
DA:93,0
DA:94,0
DA:98,0
DA:100,0
DA:103,0
DA:113,0
DA:119,0
DA:121,0
DA:122,0
DA:123,0
DA:125,0
DA:126,0
DA:128,0
DA:129,0
DA:133,0
DA:134,0
DA:135,0
DA:136,0
DA:137,0
DA:138,0
DA:139,0
DA:143,0
DA:145,0
DA:146,0
DA:147,0
DA:148,0
DA:149,0
DA:150,0
DA:151,0
DA:152,0
DA:155,0
DA:157,0
DA:158,0
DA:159,0
DA:160,0
DA:162,0
DA:163,0
DA:164,0
DA:168,0
DA:174,0
DA:175,0
DA:176,0
DA:177,0
DA:178,0
DA:179,0
DA:181,0
DA:183,0
DA:184,0
DA:185,0
DA:186,0
DA:187,0
DA:188,0
DA:189,0
DA:190,0
DA:193,0
DA:194,0
DA:195,0
DA:198,0
DA:199,0
DA:200,0
DA:201,0
DA:202,0
DA:203,0
DA:213,0
DA:221,1
DA:228,1
DA:229,1
DA:230,1
DA:231,1
DA:232,1
DA:233,0
DA:241,0
DA:242,0
DA:243,0
DA:244,0
DA:245,0
DA:246,0
DA:247,0
DA:251,0
DA:258,0
DA:259,0
DA:260,0
DA:261,0
DA:262,0
DA:263,0
DA:264,0
DA:268,0
DA:270,0
DA:271,0
DA:272,0
DA:274,0
DA:275,0
DA:277,0
DA:278,0
DA:280,0
DA:282,0
DA:283,0
DA:285,0
DA:286,0
DA:288,0
DA:289,0
DA:294,0
DA:296,0
DA:297,0
DA:298,0
DA:299,0
DA:300,0
DA:301,0
DA:302,0
DA:303,0
DA:304,0
DA:312,0
DA:331,0
DA:332,0
DA:333,0
DA:334,0
DA:335,0
DA:338,0
DA:341,0
DA:342,0
DA:343,0
DA:344,0
DA:346,0
DA:348,0
DA:349,0
DA:350,0
DA:352,0
DA:354,0
DA:355,0
DA:356,0
DA:358,0
DA:363,0
DA:365,0
DA:367,0
DA:368,0
DA:369,0
DA:370,0
DA:371,0
DA:372,0
DA:373,0
DA:374,0
DA:378,0
DA:380,0
DA:388,0
DA:389,0
DA:391,0
DA:392,0
DA:393,0
DA:394,0
DA:398,0
DA:399,0
DA:400,0
DA:401,0
DA:402,0
DA:406,0
DA:408,0
DA:409,0
DA:410,0
DA:411,0
DA:412,0
DA:415,0
DA:417,0
DA:418,0
DA:419,0
DA:420,0
DA:421,0
DA:425,0
DA:426,0
DA:427,0
DA:428,0
DA:430,0
DA:432,0
DA:433,0
DA:434,0
DA:435,0
DA:436,0
DA:437,0
DA:440,0
DA:441,0
DA:442,0
DA:445,0
DA:446,0
DA:447,0
DA:448,0
DA:456,0
DA:462,0
DA:467,0
DA:468,0
DA:469,0
DA:470,0
DA:476,0
DA:477,0
DA:478,0
DA:479,0
DA:480,0
DA:484,0
DA:489,0
DA:490,0
DA:491,0
DA:492,0
DA:493,0
DA:497,0
DA:499,0
DA:500,0
DA:501,0
DA:503,0
DA:504,0
DA:506,0
DA:507,0
DA:509,0
DA:510,0
DA:515,0
DA:517,0
DA:518,0
DA:519,0
DA:520,0
DA:521,0
DA:522,0
DA:523,0
DA:528,0
DA:531,0
DA:533,0
DA:534,0
DA:535,0
LF:262
LH:6
end_of_record
SF:lib/infrastructure/checklists/sqlite/sqlite_database.dart
DA:12,0
DA:13,0
DA:14,0
DA:15,0
DA:16,0
DA:20,0
DA:21,0
DA:22,0
DA:27,0
DA:29,0
DA:32,0
DA:33,0
DA:36,0
DA:37,0
DA:40,0
DA:41,0
DA:44,0
DA:45,0
DA:48,0
DA:49,0
DA:52,0
DA:53,0
DA:54,0
DA:58,0
DA:59,0
DA:60,0
DA:61,0
DA:62,0
LF:28
LH:0
end_of_record
SF:lib/domain/core/value_objects.dart
DA:7,3
DA:11,2
DA:12,4
DA:15,0
DA:17,0
DA:19,0
DA:20,0
DA:23,0
DA:26,0
DA:29,0
DA:30,0
DA:32,0
DA:33,0
LF:13
LH:3
end_of_record
SF:lib/domain/core/value_validators.dart
DA:13,3
DA:17,6
DA:18,0
DA:19,0
DA:21,3
DA:24,3
DA:25,3
DA:26,0
DA:28,3
DA:31,0
DA:32,0
DA:33,0
DA:35,0
DA:36,0
DA:38,0
DA:41,0
DA:42,0
DA:43,0
DA:45,0
DA:46,0
DA:48,0
DA:51,0
DA:53,0
DA:54,0
DA:56,0
DA:57,0
DA:59,0
LF:27
LH:6
end_of_record
SF:lib/domain/core/errors.dart
DA:8,0
DA:10,0
DA:14,0
LF:3
LH:0
end_of_record
SF:lib/infrastructure/checklists/sqlite/sqlite_helpers.dart
DA:11,0
DA:12,0
DA:13,0
DA:14,0
DA:15,0
DA:19,0
DA:20,0
DA:21,0
DA:22,0
DA:23,0
DA:24,0
DA:27,0
DA:28,0
DA:30,0
DA:31,0
DA:32,0
DA:33,0
DA:35,0
DA:36,0
DA:38,0
DA:42,0
DA:44,0
DA:45,0
DA:48,1
DA:49,1
DA:50,2
DA:51,2
DA:52,1
DA:53,4
DA:54,1
LF:30
LH:7
end_of_record
SF:lib/presentation/checklists/components/checklist_statistics.dart
DA:8,2
DA:13,2
DA:15,2
DA:16,12
DA:17,6
LF:5
LH:5
end_of_record
SF:lib/application/auth/auth_bloc.dart
DA:15,0
DA:16,0
DA:17,0
DA:20,0
DA:21,0
DA:22,0
DA:23,0
DA:24,0
DA:28,0
DA:29,0
DA:30,0
DA:31,0
LF:12
LH:0
end_of_record
SF:lib/application/auth/delete_account/bloc/delete_account_bloc.dart
DA:18,0
DA:21,0
DA:22,0
DA:25,0
DA:26,0
DA:27,0
DA:29,0
DA:32,0
DA:33,0
DA:34,0
DA:36,0
DA:41,0
DA:42,0
DA:44,0
DA:45,0
DA:46,0
DA:47,0
DA:51,0
DA:52,0
DA:54,0
LF:20
LH:0
end_of_record
SF:lib/application/auth/delete_account/bloc/delete_account_state.dart
DA:10,0
DA:12,0
LF:2
LH:0
end_of_record
SF:lib/application/auth/sign_in_form/bloc/sign_in_form_bloc.dart
DA:18,0
DA:19,0
DA:20,0
DA:21,0
DA:22,0
DA:23,0
DA:28,0
DA:29,0
DA:30,0
DA:31,0
DA:32,0
DA:33,0
DA:34,0
DA:35,0
DA:40,0
DA:41,0
DA:42,0
DA:43,0
DA:44,0
DA:45,0
DA:50,0
DA:51,0
DA:53,0
DA:54,0
DA:55,0
DA:58,0
DA:59,0
DA:61,0
DA:65,0
DA:66,0
DA:67,0
DA:68,0
DA:73,0
DA:74,0
DA:82,0
DA:83,0
DA:86,0
DA:87,0
DA:88,0
DA:97,0
DA:102,0
DA:103,0
DA:106,0
DA:107,0
DA:114,0
DA:115,0
DA:117,0
DA:121,0
DA:122,0
DA:123,0
DA:124,0
DA:128,0
DA:129,0
DA:137,0
DA:138,0
DA:141,0
DA:142,0
DA:143,0
DA:152,0
DA:153,0
DA:154,0
DA:157,0
DA:158,0
DA:165,0
DA:166,0
DA:168,0
DA:172,0
DA:173,0
DA:174,0
DA:178,0
DA:179,0
DA:187,0
DA:188,0
DA:189,0
DA:192,0
DA:195,0
DA:196,0
DA:197,0
DA:204,0
DA:205,0
DA:207,0
DA:208,0
DA:211,0
DA:215,0
DA:217,0
DA:218,0
DA:225,0
DA:226,0
DA:227,0
DA:230,0
DA:233,0
DA:234,0
DA:235,0
DA:242,0
DA:243,0
DA:245,0
DA:246,0
DA:249,0
DA:253,0
DA:255,0
DA:256,0
DA:263,0
DA:264,0
DA:267,0
DA:268,0
DA:269,0
DA:278,0
DA:279,0
DA:280,0
DA:284,0
DA:291,0
DA:292,0
DA:294,0
DA:298,0
DA:299,0
DA:300,0
DA:304,0
DA:305,0
LF:118
LH:0
end_of_record
SF:lib/application/auth/sign_in_form/bloc/sign_in_form_state.dart
DA:14,0
DA:15,0
DA:16,0
DA:17,0
DA:20,0
LF:5
LH:0
end_of_record
SF:lib/application/checklists/checklist_actor/checklist_actor_bloc.dart
DA:17,0
DA:18,0
DA:19,0
DA:21,0
DA:22,0
DA:23,0
DA:24,0
DA:25,0
LF:8
LH:0
end_of_record
SF:lib/application/checklists/checklist_edit/checklist_edit_state.dart
DA:13,0
DA:14,0
DA:18,0
LF:3
LH:0
end_of_record
SF:lib/application/checklists/checklist_edit/checklist_edit_bloc.dart
DA:21,0
DA:22,0
DA:23,0
DA:24,0
DA:25,0
DA:26,0
DA:33,0
DA:34,0
DA:35,0
DA:36,0
DA:37,0
DA:41,0
DA:42,0
DA:43,0
DA:44,0
DA:45,0
DA:46,0
DA:47,0
DA:48,0
DA:50,0
DA:54,0
DA:55,0
DA:57,0
DA:58,0
DA:63,0
DA:64,0
DA:65,0
DA:66,0
DA:67,0
DA:68,0
DA:70,0
DA:75,0
DA:76,0
DA:77,0
DA:78,0
DA:79,0
DA:80,0
DA:81,0
DA:82,0
DA:83,0
DA:84,0
DA:85,0
DA:90,0
DA:95,0
DA:96,0
DA:97,0
DA:98,0
DA:99,0
DA:100,0
DA:101,0
DA:102,0
DA:103,0
DA:104,0
DA:105,0
DA:109,0
DA:112,0
DA:113,0
DA:115,0
DA:116,0
DA:121,0
DA:122,0
DA:123,0
DA:125,0
DA:126,0
DA:128,0
DA:129,0
DA:130,0
DA:131,0
DA:132,0
DA:133,0
DA:138,0
DA:139,0
DA:140,0
DA:141,0
DA:142,0
DA:143,0
DA:149,0
DA:150,0
DA:151,0
DA:152,0
DA:153,0
DA:156,0
DA:157,0
DA:159,0
DA:160,0
DA:164,0
DA:165,0
DA:166,0
DA:168,0
DA:172,0
DA:173,0
DA:174,0
DA:175,0
DA:176,0
DA:181,0
DA:182,0
DA:188,0
DA:189,0
DA:190,0
DA:191,0
DA:193,0
DA:195,0
DA:198,0
DA:199,0
LF:104
LH:0
end_of_record
SF:lib/application/checklists/checklist_migrate/checklist_migrate_bloc.dart
DA:18,0
DA:19,0
DA:20,0
DA:21,0
DA:22,0
DA:24,0
DA:26,0
DA:27,0
DA:28,0
DA:29,0
DA:34,0
DA:35,0
DA:37,0
DA:38,0
DA:40,0
DA:45,0
DA:46,0
DA:47,0
DA:51,0
DA:52,0
DA:53,0
DA:54,0
DA:55,0
LF:23
LH:0
end_of_record
SF:lib/infrastructure/checklists/firebase/firebase_checklist_repository.dart
DA:19,0
DA:21,0
DA:23,0
DA:25,0
DA:27,0
DA:28,0
DA:29,0
DA:30,0
DA:33,0
DA:34,0
DA:35,0
DA:36,0
DA:37,0
DA:38,0
DA:40,0
DA:45,0
DA:47,0
DA:50,0
DA:51,0
DA:52,0
DA:54,0
DA:55,0
DA:56,0
DA:58,0
DA:63,0
DA:64,0
DA:65,0
DA:66,0
DA:68,0
DA:70,0
DA:73,0
DA:76,0
DA:77,0
DA:79,0
DA:80,0
DA:81,0
DA:83,0
DA:84,0
DA:85,0
DA:86,0
DA:88,0
DA:93,0
DA:96,0
DA:97,0
DA:99,0
DA:100,0
DA:101,0
DA:103,0
DA:104,0
DA:105,0
DA:106,0
DA:107,0
DA:108,0
DA:110,0
DA:115,0
DA:118,0
DA:119,0
DA:121,0
DA:123,0
DA:124,0
DA:125,0
DA:126,0
DA:127,0
DA:128,0
DA:130,0
DA:135,0
DA:138,0
DA:140,0
DA:141,0
DA:142,0
DA:146,0
DA:147,0
DA:148,0
DA:149,0
DA:150,0
DA:151,0
DA:153,0
DA:158,0
DA:160,0
DA:161,0
DA:164,0
LF:81
LH:0
end_of_record
SF:lib/application/checklists/checklist_watcher/checklist_watcher_bloc.dart
DA:24,0
DA:25,0
DA:26,0
DA:27,0
DA:28,0
DA:29,0
DA:34,0
DA:35,0
DA:36,0
DA:37,0
DA:38,0
DA:44,0
DA:46,0
DA:47,0
LF:14
LH:0
end_of_record
SF:lib/domain/auth/firebase_user_mapper.dart
DA:6,0
DA:8,0
DA:9,0
DA:10,0
DA:11,0
DA:15,0
DA:17,0
DA:19,0
LF:8
LH:0
end_of_record
SF:lib/infrastructure/auth/firebase_auth_facade.dart
DA:22,0
DA:24,0
DA:26,0
DA:28,0
DA:30,0
DA:33,0
DA:35,0
DA:36,0
DA:37,0
DA:40,0
DA:45,0
DA:46,0
DA:48,0
DA:52,0
DA:53,0
DA:54,0
DA:55,0
DA:57,0
DA:61,0
DA:66,0
DA:67,0
DA:69,0
DA:73,0
DA:74,0
DA:75,0
DA:76,0
DA:78,0
DA:82,0
DA:85,0
DA:87,0
DA:89,0
DA:91,0
DA:92,0
DA:93,0
DA:96,0
DA:97,0
DA:98,0
DA:99,0
DA:103,0
DA:105,0
DA:106,0
DA:109,0
DA:110,0
DA:115,0
DA:116,0
DA:119,0
DA:120,0
DA:121,0
DA:122,0
DA:126,0
DA:129,0
DA:130,0
DA:131,0
DA:135,0
DA:136,0
DA:137,0
DA:138,0
DA:141,0
DA:144,0
DA:146,0
DA:149,0
DA:150,0
DA:151,0
DA:152,0
DA:154,0
DA:158,0
DA:159,0
DA:160,0
DA:161,0
DA:164,0
DA:166,0
DA:168,0
DA:169,0
DA:170,0
DA:171,0
DA:172,0
DA:174,0
DA:178,0
DA:181,0
DA:184,0
DA:187,0
DA:190,0
DA:191,0
DA:194,0
DA:195,0
DA:196,0
DA:197,0
DA:198,0
DA:199,0
DA:201,0
DA:205,0
DA:207,0
DA:209,0
DA:213,0
DA:215,0
DA:217,0
DA:219,0
DA:220,0
DA:221,0
DA:222,0
DA:223,0
DA:227,0
DA:229,0
DA:231,0
DA:234,0
DA:235,0
DA:238,0
DA:239,0
DA:244,0
DA:245,0
DA:248,0
DA:249,0
DA:250,0
DA:251,0
LF:114
LH:0
end_of_record
SF:lib/infrastructure/checklists/checklist_repository_switcher.dart
DA:15,0
DA:19,0
DA:20,0
DA:24,0
DA:26,0
DA:29,0
DA:31,0
DA:34,0
DA:36,0
DA:39,0
DA:41,0
DA:44,0
DA:46,0
DA:49,0
DA:51,0
LF:15
LH:0
end_of_record
SF:lib/infrastructure/checklists/firebase/firebase_checklist_dtos.dart
DA:15,0
DA:25,0
DA:26,0
DA:27,0
DA:28,0
DA:29,0
DA:30,0
DA:31,0
DA:35,0
DA:36,0
DA:37,0
DA:38,0
DA:39,0
DA:40,0
DA:44,0
DA:45,0
DA:47,0
DA:50,0
DA:53,0
DA:54,0
DA:59,9
DA:61,0
DA:63,0
DA:66,0
DA:74,0
DA:82,0
DA:83,0
DA:84,0
DA:85,0
DA:86,0
DA:90,0
DA:91,0
DA:92,0
DA:93,0
DA:94,0
DA:98,0
DA:99,0
LF:37
LH:1
end_of_record
SF:lib/infrastructure/checklists/firebase/firebase_checklist_dtos.g.dart
DA:9,0
DA:10,0
DA:11,0
DA:12,0
DA:13,0
DA:14,0
DA:15,0
DA:16,0
DA:18,0
DA:21,0
DA:22,0
DA:23,0
DA:24,0
DA:25,0
DA:26,0
DA:28,0
DA:31,0
DA:32,0
DA:33,0
DA:34,0
DA:35,0
DA:38,0
DA:39,0
DA:40,0
DA:41,0
DA:42,0
LF:26
LH:0
end_of_record
SF:lib/infrastructure/checklists/firebase/firestore_helpers.dart
DA:7,0
DA:8,0
DA:9,0
DA:10,0
DA:11,0
DA:12,0
DA:17,0
LF:7
LH:0
end_of_record
SF:lib/infrastructure/checklists/firebase/firebase_injectable_module.dart
DA:8,0
DA:9,0
DA:11,0
DA:12,0
DA:14,0
DA:15,0
LF:6
LH:0
end_of_record
SF:lib/injection.dart
DA:8,0
DA:10,0
DA:16,0
DA:17,0
DA:18,0
DA:19,0
DA:20,0
LF:7
LH:0
end_of_record
SF:lib/infrastructure/checklists/sqlite/sqlite_injectable_module.dart
DA:6,0
DA:7,0
LF:2
LH:0
end_of_record
SF:lib/presentation/core/manage_focus_cubit/manage_focus_cubit.dart
DA:11,0
DA:13,0
DA:14,0
DA:15,0
DA:16,0
DA:18,0
DA:21,0
DA:22,0
DA:23,0
DA:24,0
DA:25,0
DA:26,0
DA:27,0
DA:31,0
DA:34,0
DA:35,0
DA:36,0
DA:37,0
DA:38,0
DA:43,0
DA:45,0
DA:46,0
DA:48,0
LF:23
LH:0
end_of_record
SF:lib/presentation/core/manage_focus_cubit/manage_focus_cubit_state.dart
DA:9,0
DA:10,0
LF:2
LH:0
end_of_record
SF:lib/presentation/auth/delete_account_page.dart
DA:18,3
DA:20,0
DA:22,0
DA:23,0
DA:24,0
DA:25,0
DA:27,0
DA:28,0
DA:31,0
DA:32,0
DA:33,0
DA:34,0
DA:35,0
DA:36,0
DA:37,0
DA:39,0
DA:40,0
DA:41,0
DA:42,0
DA:43,0
DA:46,0
DA:47,0
DA:48,0
DA:49,0
DA:50,0
DA:51,0
DA:55,0
DA:56,0
DA:65,0
DA:66,0
DA:67,0
DA:68,0
DA:69,0
DA:70,0
DA:71,0
DA:72,0
DA:74,0
DA:76,0
DA:80,0
DA:81,0
DA:82,0
DA:83,0
DA:86,0
DA:87,0
DA:88,0
DA:89,0
DA:96,0
DA:97,0
DA:98,0
DA:99,0
DA:100,0
DA:101,0
DA:102,0
DA:103,0
DA:106,0
DA:110,0
DA:111,0
DA:112,0
DA:115,0
DA:123,3
DA:127,0
DA:129,0
DA:130,0
DA:131,0
DA:132,0
DA:134,0
DA:141,0
DA:142,0
DA:143,0
DA:144,0
LF:70
LH:2
end_of_record
SF:lib/presentation/auth/widgets/auth_page_scaffold.dart
DA:9,12
DA:14,0
DA:16,0
DA:17,0
DA:19,0
DA:20,0
DA:22,0
DA:23,0
DA:25,0
DA:26,0
DA:28,0
DA:29,0
LF:12
LH:1
end_of_record
SF:lib/presentation/auth/widgets/delete_account_confirmation_dialog.dart
DA:8,3
DA:12,0
DA:14,0
DA:15,0
DA:16,0
DA:17,0
DA:20,0
DA:27,0
DA:28,0
DA:29,0
DA:30,0
DA:37,0
DA:38,0
DA:39,0
DA:40,0
LF:15
LH:1
end_of_record
SF:lib/presentation/auth/widgets/delete_account_sign_in_form.dart
DA:14,3
DA:16,0
DA:18,0
DA:19,0
DA:20,0
DA:22,0
DA:23,0
DA:24,0
DA:25,0
DA:26,0
DA:28,0
DA:33,0
DA:38,0
DA:44,0
DA:50,0
DA:51,0
DA:53,0
DA:67,3
DA:69,0
DA:71,0
DA:72,0
DA:73,0
DA:74,0
DA:75,0
DA:76,0
DA:78,0
DA:80,0
DA:81,0
DA:82,0
DA:87,0
DA:89,0
DA:96,0
LF:32
LH:2
end_of_record
SF:lib/presentation/core/error_flushbar.dart
DA:11,0
DA:16,0
DA:21,0
DA:24,0
DA:28,0
DA:30,0
DA:33,0
DA:34,0
DA:35,0
DA:36,0
DA:37,0
LF:11
LH:0
end_of_record
SF:lib/presentation/core/theming/style.dart
DA:5,3
DA:17,3
DA:19,0
DA:24,0
DA:34,0
DA:35,0
DA:37,0
DA:38,0
DA:40,0
DA:41,0
DA:52,6
DA:54,0
DA:56,0
DA:58,0
DA:60,0
DA:61,0
DA:62,0
DA:63,0
DA:78,1
DA:79,1
DA:80,1
DA:81,1
DA:82,0
DA:89,0
LF:24
LH:7
end_of_record
SF:lib/presentation/core/widgets/in_progress_overlay.dart
DA:7,0
DA:13,0
DA:15,0
DA:16,0
DA:17,0
DA:19,0
DA:20,0
DA:21,0
DA:22,0
DA:23,0
DA:24,0
DA:26,0
DA:28,0
DA:30,0
DA:31,0
DA:32,0
LF:16
LH:0
end_of_record
SF:lib/presentation/routes/app_router.dart
DA:17,0
LF:1
LH:0
end_of_record
SF:lib/presentation/auth/password_reset_confirmation_page.dart
DA:14,0
DA:19,0
DA:21,0
DA:22,0
DA:24,0
DA:31,0
DA:38,0
DA:40,0
DA:43,0
DA:45,0
DA:48,0
DA:51,0
DA:54,0
DA:55,0
DA:57,0
DA:60,0
DA:63,0
DA:72,3
DA:76,0
DA:78,0
DA:79,0
DA:81,0
DA:83,0
LF:23
LH:1
end_of_record
SF:lib/presentation/auth/theming/style.dart
DA:23,0
DA:24,0
DA:25,0
DA:29,0
DA:30,0
DA:33,0
DA:34,0
LF:7
LH:0
end_of_record
SF:lib/presentation/auth/widgets/auth_form_container.dart
DA:11,0
DA:18,0
DA:20,0
DA:22,0
DA:25,0
DA:26,0
DA:28,0
LF:7
LH:0
end_of_record
SF:lib/presentation/auth/widgets/back_to_route_link.dart
DA:18,9
DA:29,0
DA:31,0
DA:32,0
DA:33,0
DA:34,0
DA:35,0
DA:36,0
DA:37,0
DA:38,0
DA:39,0
DA:40,0
DA:42,0
DA:43,0
DA:46,0
DA:47,0
DA:48,0
DA:49,0
DA:50,0
DA:51,0
DA:52,0
DA:53,0
LF:22
LH:1
end_of_record
SF:lib/presentation/auth/reset_password_page.dart
DA:16,3
DA:18,0
DA:20,0
DA:21,0
DA:30,3
DA:32,0
DA:34,0
DA:35,0
DA:36,0
DA:37,0
DA:39,0
DA:40,0
DA:41,0
DA:42,0
DA:52,0
DA:54,0
DA:55,0
DA:56,0
DA:58,0
DA:64,0
DA:73,0
DA:74,0
DA:75,0
DA:76,0
DA:77,0
DA:78,0
DA:79,0
DA:80,0
DA:81,0
DA:83,0
DA:87,0
DA:89,0
DA:90,0
DA:91,0
LF:34
LH:2
end_of_record
SF:lib/presentation/auth/widgets/accent_button.dart
DA:9,0
DA:15,0
DA:17,0
DA:18,0
DA:20,0
DA:22,0
DA:23,0
DA:24,0
DA:25,0
DA:26,0
DA:27,0
DA:28,0
DA:29,0
LF:13
LH:0
end_of_record
SF:lib/presentation/auth/widgets/email_field.dart
DA:11,9
DA:17,0
DA:19,0
DA:21,0
DA:22,0
DA:23,0
DA:25,0
DA:26,0
DA:27,0
DA:28,0
DA:29,0
DA:30,0
DA:31,0
DA:32,0
DA:33,0
DA:35,0
DA:40,0
DA:41,0
DA:44,0
DA:45,0
DA:46,0
DA:47,0
DA:49,0
LF:23
LH:1
end_of_record
SF:lib/presentation/auth/sign_in_page.dart
DA:21,3
DA:23,0
DA:25,0
DA:26,0
DA:33,3
DA:35,0
DA:37,0
DA:38,0
DA:39,0
DA:40,0
DA:43,0
DA:44,0
DA:45,0
DA:46,0
DA:62,0
DA:64,0
DA:70,0
DA:74,0
DA:75,0
DA:78,0
DA:89,0
DA:90,0
DA:91,0
DA:92,0
DA:93,0
DA:94,0
DA:95,0
DA:96,0
DA:98,0
DA:100,0
DA:104,0
DA:105,0
DA:106,0
LF:33
LH:2
end_of_record
SF:lib/presentation/auth/widgets/login_buttons_divider.dart
DA:5,3
DA:7,0
DA:9,0
DA:11,0
DA:12,0
DA:15,0
DA:17,0
DA:18,0
DA:19,0
DA:20,0
LF:10
LH:1
end_of_record
SF:lib/presentation/auth/widgets/password_field.dart
DA:20,9
DA:28,0
DA:30,0
DA:32,0
DA:33,0
DA:34,0
DA:36,0
DA:42,0
DA:43,0
DA:45,0
DA:47,0
DA:49,0
DA:50,0
DA:51,0
DA:52,0
DA:56,0
DA:57,0
DA:60,0
DA:62,0
DA:63,0
DA:67,0
DA:68,0
DA:69,0
DA:70,0
DA:71,0
DA:72,0
DA:74,0
DA:78,0
DA:79,0
DA:81,0
DA:83,0
DA:85,0
DA:86,0
DA:87,0
DA:88,0
DA:92,0
DA:93,0
DA:96,0
DA:98,0
DA:100,0
DA:104,0
DA:105,0
DA:106,0
DA:107,0
DA:108,0
DA:109,0
DA:110,0
DA:111,0
DA:112,0
DA:114,0
DA:119,0
DA:120,0
DA:121,0
LF:53
LH:1
end_of_record
SF:lib/presentation/auth/widgets/redirect_link.dart
DA:10,0
DA:18,0
DA:20,0
DA:21,0
DA:22,0
DA:23,0
DA:24,0
DA:26,0
DA:27,0
DA:28,0
DA:29,0
DA:30,0
DA:31,0
DA:32,0
DA:35,0
DA:36,0
DA:37,0
DA:38,0
DA:39,0
DA:40,0
LF:20
LH:0
end_of_record
SF:lib/presentation/auth/widgets/social_sign_in_buttons_section.dart
DA:13,3
DA:18,0
DA:20,0
DA:21,0
DA:22,0
DA:23,0
DA:27,0
DA:37,3
DA:42,0
DA:44,0
DA:45,0
DA:46,0
DA:47,0
DA:52,0
DA:55,0
DA:57,0
DA:72,3
DA:77,0
DA:79,0
DA:80,0
DA:81,0
DA:82,0
DA:83,0
DA:92,0
DA:95,0
DA:97,0
LF:26
LH:3
end_of_record
SF:lib/presentation/auth/sign_up_page.dart
DA:19,3
DA:21,0
DA:23,0
DA:24,0
DA:31,3
DA:33,0
DA:35,0
DA:36,0
DA:37,0
DA:38,0
DA:41,0
DA:42,0
DA:43,0
DA:45,0
DA:61,0
DA:63,0
DA:68,0
DA:71,0
DA:82,0
DA:83,0
DA:84,0
DA:85,0
DA:86,0
DA:87,0
DA:88,0
DA:89,0
DA:90,0
DA:92,0
DA:96,0
DA:97,0
DA:98,0
LF:31
LH:2
end_of_record
SF:lib/presentation/auth/widgets/top_image.dart
DA:4,3
DA:8,0
DA:10,0
DA:12,0
LF:4
LH:1
end_of_record
SF:lib/presentation/core/keyboard_dismisser.dart
DA:6,0
DA:11,0
DA:13,0
DA:14,0
DA:15,0
DA:16,0
DA:17,0
DA:20,0
LF:8
LH:0
end_of_record
SF:lib/presentation/auth/widgets/auth_text_field.dart
DA:12,0
DA:22,0
DA:24,0
DA:26,0
DA:27,0
DA:29,0
DA:30,0
DA:31,0
DA:32,0
DA:34,0
DA:35,0
DA:40,0
DA:42,0
DA:43,0
DA:44,0
DA:45,0
DA:48,0
DA:59,0
DA:65,0
DA:67,0
DA:68,0
DA:69,0
DA:70,0
DA:71,0
DA:73,0
DA:75,0
DA:83,6
DA:85,0
LF:28
LH:1
end_of_record
SF:lib/presentation/auth/widgets/forgot_password_link.dart
DA:7,3
DA:9,0
DA:11,0
DA:12,0
DA:13,0
DA:15,0
DA:16,0
DA:18,0
DA:20,0
LF:9
LH:1
end_of_record
SF:lib/presentation/auth/widgets/social_sign_in_button.dart
DA:9,0
DA:17,0
DA:19,0
DA:20,0
DA:21,0
DA:22,0
DA:24,0
DA:25,0
DA:27,0
DA:38,3
DA:44,0
DA:46,0
DA:47,0
DA:49,0
LF:14
LH:1
end_of_record
SF:lib/presentation/checklists/checklists_overview/checklists_overview_page.dart
DA:18,3
DA:20,0
DA:22,0
DA:23,0
DA:24,0
DA:25,0
DA:27,0
DA:28,0
DA:29,0
DA:30,0
DA:32,0
DA:33,0
DA:35,0
DA:36,0
DA:37,0
DA:40,0
DA:41,0
DA:50,0
DA:51,0
DA:52,0
DA:54,0
DA:55,0
DA:57,0
DA:58,0
DA:59,0
DA:62,0
DA:63,0
DA:69,3
DA:73,0
DA:75,0
DA:76,0
DA:79,0
DA:82,0
DA:83,0
DA:84,0
DA:86,0
DA:87,0
DA:93,0
DA:94,0
DA:106,3
DA:110,0
DA:112,0
DA:114,0
DA:115,0
DA:116,0
LF:45
LH:3
end_of_record
SF:lib/presentation/checklists/checklists_overview/widgets/checklists_overview_body_widget.dart
DA:10,3
DA:12,0
DA:14,0
DA:15,0
DA:16,0
DA:17,0
DA:18,0
DA:20,0
DA:21,0
DA:22,0
DA:25,0
DA:26,0
DA:28,0
DA:29,0
DA:30,0
DA:31,0
DA:33,0
DA:38,0
DA:39,0
DA:46,3
DA:48,0
DA:50,0
DA:52,0
DA:53,0
DA:56,0
LF:25
LH:2
end_of_record
SF:lib/presentation/checklists/checklists_overview/widgets/my_account_drawer.dart
DA:12,3
DA:14,0
DA:16,0
DA:17,0
DA:19,0
DA:21,0
DA:23,0
DA:34,3
DA:38,0
DA:40,0
DA:42,0
DA:43,0
DA:46,0
DA:47,0
DA:48,0
DA:53,0
DA:57,0
DA:58,0
DA:59,0
DA:67,3
DA:69,0
DA:71,0
DA:73,0
DA:78,0
DA:81,0
DA:82,0
DA:83,0
DA:93,3
DA:98,0
DA:100,0
DA:102,0
DA:103,0
DA:105,0
LF:33
LH:4
end_of_record
SF:lib/presentation/checklists/checklists_overview/widgets/checklist_card_widget.dart
DA:20,1
DA:25,1
DA:27,1
DA:29,1
DA:31,1
DA:35,5
DA:36,2
DA:37,2
DA:38,1
DA:40,1
DA:42,1
DA:43,2
DA:44,2
DA:47,1
DA:48,0
DA:49,0
DA:50,0
DA:52,0
DA:55,0
DA:56,0
DA:60,1
DA:61,2
DA:62,3
DA:63,2
DA:75,1
DA:81,1
DA:83,1
DA:84,0
DA:85,0
DA:86,0
DA:87,0
DA:90,4
DA:91,1
DA:92,1
DA:101,1
DA:106,1
DA:108,1
DA:109,0
DA:110,0
DA:115,1
DA:116,1
DA:124,1
DA:129,1
DA:131,1
DA:132,0
DA:133,0
DA:134,0
DA:136,0
DA:137,0
DA:138,0
DA:140,0
DA:145,0
DA:146,0
DA:151,0
DA:153,0
DA:158,0
DA:159,0
DA:160,0
DA:170,1
DA:171,1
LF:60
LH:34
end_of_record
SF:lib/presentation/checklists/components/checklist_info_tile.dart
DA:13,2
DA:21,2
DA:27,2
DA:29,2
DA:37,0
DA:45,0
DA:47,0
DA:58,2
DA:60,2
DA:62,2
DA:63,2
DA:64,12
DA:66,2
DA:69,2
DA:70,2
DA:71,3
DA:72,1
DA:77,2
DA:78,2
DA:80,3
DA:84,1
DA:95,2
DA:100,2
DA:102,2
DA:103,2
DA:104,2
DA:107,2
DA:118,0
DA:125,0
DA:127,0
DA:128,0
DA:130,0
DA:132,0
DA:134,0
DA:135,0
DA:136,0
LF:36
LH:24
end_of_record
SF:lib/presentation/checklists/view_checklist/view_checklist_dialog.dart
DA:17,0
DA:19,0
DA:21,0
DA:22,0
DA:23,0
DA:24,0
DA:25,0
DA:26,0
DA:28,0
DA:29,0
DA:31,0
DA:33,0
DA:36,0
DA:43,0
DA:44,0
DA:45,0
DA:46,0
DA:47,0
DA:51,0
DA:52,0
DA:53,0
DA:54,0
DA:55,0
DA:59,0
DA:65,0
DA:66,0
DA:68,0
DA:70,0
DA:71,0
DA:72,0
DA:73,0
DA:95,0
DA:101,0
DA:103,0
DA:106,0
DA:107,0
DA:108,0
DA:110,0
DA:111,0
DA:112,0
DA:114,0
DA:115,0
DA:116,0
DA:117,0
LF:44
LH:0
end_of_record
SF:lib/presentation/checklists/checklists_overview/widgets/critical_failure_display_widget.dart
DA:7,0
DA:9,0
DA:11,0
DA:12,0
DA:14,0
DA:15,0
DA:16,0
DA:17,0
DA:18,0
DA:20,0
LF:10
LH:0
end_of_record
SF:lib/presentation/checklists/checklists_overview/widgets/error_checklist_card_widget.dart
DA:8,0
DA:10,0
DA:12,0
DA:14,0
DA:16,0
DA:17,0
DA:18,0
DA:20,0
DA:22,0
DA:23,0
DA:24,0
DA:26,0
DA:29,0
DA:31,0
DA:33,0
DA:34,0
DA:35,0
LF:17
LH:0
end_of_record
SF:lib/presentation/checklists/checklists_overview/widgets/drawer_tile_widget.dart
DA:11,0
DA:20,0
DA:22,0
DA:24,0
DA:25,0
DA:26,0
DA:28,0
DA:29,0
DA:31,0
DA:32,0
DA:34,0
DA:42,0
LF:12
LH:0
end_of_record
SF:lib/presentation/checklists/checklists_overview/widgets/my_account_drawer_header.dart
DA:12,3
DA:21,0
DA:23,0
DA:24,0
DA:25,0
DA:29,0
DA:30,0
DA:31,0
DA:32,0
DA:34,0
DA:35,0
DA:36,0
DA:44,0
DA:53,0
DA:55,0
DA:56,0
DA:57,0
DA:58,0
DA:59,0
DA:60,0
DA:61,0
DA:62,0
DA:65,0
DA:66,0
DA:67,0
DA:68,0
DA:69,0
DA:70,0
DA:78,0
DA:87,0
DA:89,0
DA:90,0
DA:92,0
DA:93,0
DA:94,0
LF:35
LH:1
end_of_record
SF:lib/presentation/core/auth_helpers.dart
DA:5,0
DA:6,0
DA:7,0
DA:8,0
DA:12,0
DA:13,0
DA:14,0
DA:15,0
LF:8
LH:0
end_of_record
SF:lib/presentation/checklists/components/completion_status_checkbox.dart
DA:10,1
DA:17,1
DA:19,1
DA:21,1
DA:22,2
DA:25,1
DA:27,1
DA:28,1
DA:29,2
DA:30,1
LF:10
LH:10
end_of_record
SF:lib/presentation/checklists/components/item_tile.dart
DA:13,0
DA:20,0
DA:23,0
DA:27,0
DA:28,0
DA:35,0
DA:45,0
DA:46,0
DA:60,0
DA:62,0
DA:63,0
DA:64,0
DA:76,0
DA:77,0
DA:82,0
DA:83,0
DA:85,0
DA:89,0
DA:90,0
DA:105,0
DA:107,0
DA:109,0
DA:110,0
DA:111,0
DA:122,0
DA:130,0
DA:132,0
DA:133,0
DA:135,0
DA:137,0
DA:138,0
DA:139,0
DA:140,0
DA:141,0
LF:34
LH:0
end_of_record
SF:lib/presentation/checklists/components/validation_error_message.dart
DA:7,0
DA:12,0
DA:14,0
DA:16,0
DA:17,0
LF:5
LH:0
end_of_record
SF:lib/presentation/checklists/edit_checklist/edit_checklist_page.dart
DA:21,0
DA:26,0
DA:28,0
DA:29,0
DA:30,0
DA:31,0
DA:32,0
DA:34,0
DA:35,0
DA:36,0
DA:37,0
DA:38,0
DA:42,0
DA:43,0
DA:44,0
DA:45,0
DA:46,0
DA:47,0
DA:48,0
DA:49,0
DA:50,0
DA:51,0
DA:56,0
DA:57,0
DA:58,0
DA:59,0
DA:61,0
DA:62,0
DA:72,0
DA:73,0
DA:74,0
DA:75,0
DA:76,0
DA:77,0
DA:78,0
DA:80,0
DA:81,0
DA:83,0
DA:84,0
DA:85,0
DA:88,0
DA:90,0
DA:91,0
DA:92,0
DA:103,0
DA:108,0
DA:110,0
DA:111,0
DA:113,0
DA:120,0
DA:122,0
DA:123,0
DA:124,0
DA:125,0
DA:138,3
DA:142,0
DA:144,0
DA:149,0
DA:150,0
DA:156,3
DA:160,0
DA:162,0
DA:163,0
DA:164,0
DA:165,0
DA:166,0
DA:174,3
DA:178,0
DA:180,0
DA:185,0
DA:191,3
DA:195,0
DA:197,0
DA:199,0
DA:200,0
DA:201,0
LF:76
LH:4
end_of_record
SF:lib/presentation/checklists/edit_checklist/widgets/edit_checklist_info_tile_widget.dart
DA:14,0
DA:19,0
DA:21,0
DA:23,0
DA:24,0
DA:25,0
DA:26,0
DA:28,0
DA:30,0
DA:32,0
DA:33,0
DA:34,0
DA:36,0
DA:37,0
DA:38,0
DA:39,0
DA:40,0
DA:41,0
DA:42,0
DA:43,0
DA:47,0
DA:48,0
DA:50,0
DA:51,0
DA:52,0
DA:53,0
DA:63,0
DA:64,0
DA:65,0
DA:66,0
DA:67,0
DA:68,0
DA:70,0
LF:33
LH:0
end_of_record
SF:lib/presentation/checklists/edit_checklist/widgets/items_list_widget.dart
DA:14,3
DA:16,0
DA:20,0
DA:21,0
DA:22,0
DA:23,0
DA:24,0
DA:25,0
DA:27,0
DA:28,0
DA:32,0
DA:33,0
DA:34,0
DA:49,0
DA:55,0
DA:57,0
DA:59,0
DA:60,0
DA:62,0
DA:66,0
DA:67,0
DA:68,0
DA:70,0
DA:72,0
DA:75,0
DA:77,0
DA:78,0
DA:79,0
DA:80,0
DA:83,0
DA:87,0
DA:88,0
DA:89,0
DA:90,0
DA:98,0
DA:99,0
DA:100,0
DA:101,0
DA:102,0
DA:104,0
DA:112,0
DA:118,0
DA:120,0
DA:121,0
DA:122,0
DA:123,0
DA:125,0
DA:126,0
DA:128,0
DA:129,0
DA:131,0
DA:132,0
DA:133,0
DA:137,0
DA:138,0
DA:139,0
DA:143,0
DA:144,0
DA:145,0
DA:146,0
DA:147,0
DA:148,0
DA:149,0
DA:150,0
DA:151,0
DA:157,0
DA:158,0
DA:159,0
DA:160,0
DA:161,0
DA:164,0
DA:165,0
LF:72
LH:1
end_of_record
SF:lib/presentation/core/theming/app_theme.dart
DA:4,0
DA:9,0
DA:10,0
DA:13,0
DA:15,0
DA:18,0
DA:20,0
DA:23,0
DA:80,0
DA:81,0
DA:82,0
DA:83,0
DA:84,0
DA:92,0
DA:93,0
DA:94,0
DA:98,0
DA:99,0
DA:100,0
DA:101,0
DA:107,0
DA:109,0
DA:110,0
DA:118,0
DA:120,0
DA:121,0
DA:136,0
DA:140,0
DA:141,0
DA:145,0
LF:30
LH:0
end_of_record
